Using pre-set license
Built from '2022.3/staging' branch; Version is '2022.3.17f1 (4fc78088f837) revision 5228416'; Using compiler version '192829333'; Build Type 'Release'
OS: 'Windows 11  (10.0.26100) 64bit Core' Language: 'en' Physical Memory: 32505 MB
BatchMode: 1, IsHumanControllingUs: 0, StartBugReporterOnCrash: 0, Is64bit: 1, IsPro: 1

COMMAND LINE ARGUMENTS:
C:\Program Files\Unity\Hub\Editor\2022.3.17f1\Editor\Unity.exe
-adb2
-batchMode
-noUpm
-name
AssetImportWorker3
-projectPath
C:/Users/rkeit/OneDrive/Documentos/GitHub/Login-php-unity/unity login
-logFile
Logs/AssetImportWorker3.log
-srvPort
59950
Successfully changed project path to: C:/Users/rkeit/OneDrive/Documentos/GitHub/Login-php-unity/unity login
C:/Users/rkeit/OneDrive/Documentos/GitHub/Login-php-unity/unity login
[UnityMemory] Configuration Parameters - Can be set up in boot.config
    "memorysetup-bucket-allocator-granularity=16"
    "memorysetup-bucket-allocator-bucket-count=8"
    "memorysetup-bucket-allocator-block-size=33554432"
    "memorysetup-bucket-allocator-block-count=8"
    "memorysetup-main-allocator-block-size=16777216"
    "memorysetup-thread-allocator-block-size=16777216"
    "memorysetup-gfx-main-allocator-block-size=16777216"
    "memorysetup-gfx-thread-allocator-block-size=16777216"
    "memorysetup-cache-allocator-block-size=4194304"
    "memorysetup-typetree-allocator-block-size=2097152"
    "memorysetup-profiler-bucket-allocator-granularity=16"
    "memorysetup-profiler-bucket-allocator-bucket-count=8"
    "memorysetup-profiler-bucket-allocator-block-size=33554432"
    "memorysetup-profiler-bucket-allocator-block-count=8"
    "memorysetup-profiler-allocator-block-size=16777216"
    "memorysetup-profiler-editor-allocator-block-size=1048576"
    "memorysetup-temp-allocator-size-main=16777216"
    "memorysetup-job-temp-allocator-block-size=2097152"
    "memorysetup-job-temp-allocator-block-size-background=1048576"
    "memorysetup-job-temp-allocator-reduction-small-platforms=262144"
    "memorysetup-allocator-temp-initial-block-size-main=262144"
    "memorysetup-allocator-temp-initial-block-size-worker=262144"
    "memorysetup-temp-allocator-size-background-worker=32768"
    "memorysetup-temp-allocator-size-job-worker=262144"
    "memorysetup-temp-allocator-size-preload-manager=33554432"
    "memorysetup-temp-allocator-size-nav-mesh-worker=65536"
    "memorysetup-temp-allocator-size-audio-worker=65536"
    "memorysetup-temp-allocator-size-cloud-worker=32768"
    "memorysetup-temp-allocator-size-gi-baking-worker=262144"
    "memorysetup-temp-allocator-size-gfx=262144"
Player connection [10540] Host "[IP] 172.30.35.37 [Port] 0 [Flags] 2 [Guid] 3782965425 [EditorId] 3782965425 [Version] 1048832 [Id] WindowsEditor(7,jarvis) [Debug] 1 [PackageName] WindowsEditor [ProjectName] Editor" joined multi-casting on [225.0.0.222:54997]...

Player connection [10540] Host "[IP] 172.30.35.37 [Port] 0 [Flags] 2 [Guid] 3782965425 [EditorId] 3782965425 [Version] 1048832 [Id] WindowsEditor(7,jarvis) [Debug] 1 [PackageName] WindowsEditor [ProjectName] Editor" joined alternative multi-casting on [225.0.0.222:34997]...

[Physics::Module] Initialized MultithreadedJobDispatcher with 11 workers.
Refreshing native plugins compatible for Editor in 7441.82 ms, found 3 plugins.
Preloading 0 native plugins for Editor in 0.00 ms.
Initialize engine version: 2022.3.17f1 (4fc78088f837)
[Subsystems] Discovering subsystems at path C:/Program Files/Unity/Hub/Editor/2022.3.17f1/Editor/Data/Resources/UnitySubsystems
[Subsystems] Discovering subsystems at path C:/Users/rkeit/OneDrive/Documentos/GitHub/Login-php-unity/unity login/Assets
GfxDevice: creating device client; threaded=0; jobified=0
Direct3D:
    Version:  Direct3D 11.0 [level 11.1]
    Renderer: NVIDIA GeForce RTX 3050 Laptop GPU (ID=0x25a5)
    Vendor:   NVIDIA
    VRAM:     3964 MB
    Driver:   32.0.15.7242
Initialize mono
Mono path[0] = 'C:/Program Files/Unity/Hub/Editor/2022.3.17f1/Editor/Data/Managed'
Mono path[1] = 'C:/Program Files/Unity/Hub/Editor/2022.3.17f1/Editor/Data/MonoBleedingEdge/lib/mono/unityjit-win32'
Mono config path = 'C:/Program Files/Unity/Hub/Editor/2022.3.17f1/Editor/Data/MonoBleedingEdge/etc'
Using monoOptions --debugger-agent=transport=dt_socket,embedding=1,server=y,suspend=n,address=127.0.0.1:56860
Begin MonoManager ReloadAssembly
Registering precompiled unity dll's ...
Trying to register platform support module: C:/Program Files/Unity/Hub/Editor/2022.3.17f1/Editor/Data/PlaybackEngines/WebGLSupport/UnityEditor.WebGL.Extensions.dll (that doesn't exist). Retrying without overrides.
Platform support module is not available: C:/Program Files/Unity/Hub/Editor/2022.3.17f1/Editor/Data/PlaybackEngines/WebGLSupport/UnityEditor.WebGL.Extensions.dll
Register platform support module: C:/Program Files/Unity/Hub/Editor/2022.3.17f1/Editor/Data/PlaybackEngines/WindowsStandaloneSupport/UnityEditor.WindowsStandalone.Extensions.dll
Register platform support module: C:/Program Files/Unity/Hub/Editor/2022.3.17f1/Editor/Data/PlaybackEngines/MetroSupport/UnityEditor.UWP.Extensions.dll
Registered in 0.618721 seconds.
- Loaded All Assemblies, in 30.612 seconds
Native extension for UWP target not found
Native extension for WindowsStandalone target not found
Mono: successfully reloaded assembly
- Finished resetting the current domain, in  1.057 seconds
Domain Reload Profiling: 31661ms
	BeginReloadAssembly (23454ms)
		ExecutionOrderSort (0ms)
		DisableScriptedObjects (0ms)
		BackupInstance (0ms)
		ReleaseScriptingObjects (0ms)
		CreateAndSetChildDomain (2ms)
	RebuildCommonClasses (2023ms)
	RebuildNativeTypeToScriptingClass (45ms)
	initialDomainReloadingComplete (835ms)
	LoadAllAssembliesAndSetupDomain (4245ms)
		LoadAssemblies (23448ms)
		RebuildTransferFunctionScriptingTraits (0ms)
		AnalyzeDomain (4237ms)
			TypeCache.Refresh (4232ms)
				TypeCache.ScanAssembly (2972ms)
			ScanForSourceGeneratedMonoScriptInfo (1ms)
			ResolveRequiredComponents (1ms)
	FinalizeReload (1058ms)
		ReleaseScriptCaches (0ms)
		RebuildScriptCaches (0ms)
		SetupLoadedEditorAssemblies (828ms)
			LogAssemblyErrors (0ms)
			InitializePlatformSupportModulesInManaged (39ms)
			SetLoadedEditorAssemblies (19ms)
			RefreshPlugins (0ms)
			BeforeProcessingInitializeOnLoad (10ms)
			ProcessInitializeOnLoadAttributes (540ms)
			ProcessInitializeOnLoadMethodAttributes (220ms)
			AfterProcessingInitializeOnLoad (0ms)
			EditorAssembliesLoaded (0ms)
		ExecutionOrderSort2 (0ms)
		AwakeInstancesAfterBackupRestoration (0ms)
========================================================================
Worker process is ready to serve import requests
Begin MonoManager ReloadAssembly
- Loaded All Assemblies, in 23.273 seconds
Refreshing native plugins compatible for Editor in 21.36 ms, found 3 plugins.
Native extension for UWP target not found
Native extension for WindowsStandalone target not found
Mono: successfully reloaded assembly
- Finished resetting the current domain, in  2.175 seconds
Domain Reload Profiling: 25434ms
	BeginReloadAssembly (555ms)
		ExecutionOrderSort (0ms)
		DisableScriptedObjects (24ms)
		BackupInstance (0ms)
		ReleaseScriptingObjects (0ms)
		CreateAndSetChildDomain (60ms)
	RebuildCommonClasses (133ms)
	RebuildNativeTypeToScriptingClass (43ms)
	initialDomainReloadingComplete (178ms)
	LoadAllAssembliesAndSetupDomain (22350ms)
		LoadAssemblies (20640ms)
		RebuildTransferFunctionScriptingTraits (0ms)
		AnalyzeDomain (2032ms)
			TypeCache.Refresh (1939ms)
				TypeCache.ScanAssembly (1670ms)
			ScanForSourceGeneratedMonoScriptInfo (66ms)
			ResolveRequiredComponents (15ms)
	FinalizeReload (2176ms)
		ReleaseScriptCaches (0ms)
		RebuildScriptCaches (0ms)
		SetupLoadedEditorAssemblies (1606ms)
			LogAssemblyErrors (0ms)
			InitializePlatformSupportModulesInManaged (30ms)
			SetLoadedEditorAssemblies (10ms)
			RefreshPlugins (0ms)
			BeforeProcessingInitializeOnLoad (221ms)
			ProcessInitializeOnLoadAttributes (1233ms)
			ProcessInitializeOnLoadMethodAttributes (82ms)
			AfterProcessingInitializeOnLoad (29ms)
			EditorAssembliesLoaded (0ms)
		ExecutionOrderSort2 (0ms)
		AwakeInstancesAfterBackupRestoration (27ms)
Launched and connected shader compiler UnityShaderCompiler.exe after 0.31 seconds
Refreshing native plugins compatible for Editor in 20.41 ms, found 3 plugins.
Preloading 0 native plugins for Editor in 0.00 ms.
Unloading 3130 Unused Serialized files (Serialized files now loaded: 0)
Unloading 34 unused Assets / (57.7 KB). Loaded Objects now: 3591.
Memory consumption went from 123.3 MB to 123.3 MB.
Total: 10.057400 ms (FindLiveObjects: 0.486400 ms CreateObjectMapping: 0.307300 ms MarkObjects: 8.939100 ms  DeleteObjects: 0.321700 ms)

AssetImportParameters requested are different than current active one (requested -> active):
  custom:container-demuxer-ogg: 62fdf1f143b41e24485cea50d1cbac27 -> 
  custom:video-codec-MediaFoundation-h265: 746d11721c4dcdbdad8f713fa42b33f4 -> 
  custom:video-decoder-ogg-theora: a1e56fd34408186e4bbccfd4996cb3dc -> 
  custom:framework-win-MediaFoundation: 216162199b28c13a410421893ffa2e32 -> 
  custom:CustomObjectIndexerAttribute: 6d391050e5a25f67b0a2c618074f2cd9 -> 
  custom:container-demuxer-webm: 4f35f7cbe854078d1ac9338744f61a02 -> 
  custom:container-muxer-webm: aa71ff27fc2769a1b78a27578f13a17b -> 
  custom:video-decoder-webm-vp8: 9c59270c3fd7afecdb556c50c9e8de78 -> 
  custom:SearchIndexIgnoredProperties: e643bd26f0fe6173181afceb89e7c659 -> 
  custom:AudioImporter_EditorPlatform: d09bf68614088b80899f8185d706f6e7 -> 
  custom:video-encoder-webm-vp8: eb34c28f22e8b96e1ab97ce403110664 -> 
  custom:audio-decoder-ogg-vorbis: bf7c407c2cedff20999df2af8eb42d56 -> 
  custom:audio-encoder-webm-vorbis: bf7c407c2cedff20999df2af8eb42d56 -> 
========================================================================
Received Import Request.
  Time since last request: 397947.193926 seconds.
  path: Assets/Simple Fantasy GUI/PNG/Icons/Close_Icon.png
  artifactKey: Guid(0b3d25bb30efc5847954849ba0b1453d) Importer(815301076,1909f56bfc062723c751e8b465ee728b)
Start importing Assets/Simple Fantasy GUI/PNG/Icons/Close_Icon.png using Guid(0b3d25bb30efc5847954849ba0b1453d) Importer(815301076,1909f56bfc062723c751e8b465ee728b)  -> (artifact id: 'd0b3543955eb564b21d13e021587984a') in 0.420681 seconds
Number of updated asset objects reloaded before import = 0
Number of asset objects unloaded after import = 3
========================================================================
Received Import Request.
  Time since last request: 1.321666 seconds.
  path: Assets/Simple Fantasy GUI/PNG/Icons/Coin_Icon.png
  artifactKey: Guid(45ff5a9f5ffb13c48a6d5b706cdf0e53) Importer(815301076,1909f56bfc062723c751e8b465ee728b)
Start importing Assets/Simple Fantasy GUI/PNG/Icons/Coin_Icon.png using Guid(45ff5a9f5ffb13c48a6d5b706cdf0e53) Importer(815301076,1909f56bfc062723c751e8b465ee728b)  -> (artifact id: '6a06fc2db38940bd39a9221ead6a3ac6') in 0.080802 seconds
Number of updated asset objects reloaded before import = 0
Number of asset objects unloaded after import = 3
========================================================================
Received Import Request.
  Time since last request: 0.105233 seconds.
  path: Assets/Simple Fantasy GUI/PNG/Quest Panel/Comleted_Icon.png
  artifactKey: Guid(6d49331c7dc06794f98d4a1c17790d0b) Importer(815301076,1909f56bfc062723c751e8b465ee728b)
Start importing Assets/Simple Fantasy GUI/PNG/Quest Panel/Comleted_Icon.png using Guid(6d49331c7dc06794f98d4a1c17790d0b) Importer(815301076,1909f56bfc062723c751e8b465ee728b)  -> (artifact id: 'd17ac0ef28c01a382a72947202f9e25e') in 0.081575 seconds
Number of updated asset objects reloaded before import = 0
Number of asset objects unloaded after import = 3
========================================================================
Received Import Request.
  Time since last request: 0.547937 seconds.
  path: Assets/Simple Fantasy GUI/PNG/Icons/Crystal_Icon.png
  artifactKey: Guid(ae7e1099aaff73c4b8e6e623e8c96910) Importer(815301076,1909f56bfc062723c751e8b465ee728b)
Start importing Assets/Simple Fantasy GUI/PNG/Icons/Crystal_Icon.png using Guid(ae7e1099aaff73c4b8e6e623e8c96910) Importer(815301076,1909f56bfc062723c751e8b465ee728b)  -> (artifact id: 'bb2c925e8d83a51e846cee0233a2a592') in 0.100715 seconds
Number of updated asset objects reloaded before import = 0
Number of asset objects unloaded after import = 3
========================================================================
Received Import Request.
  Time since last request: 0.115806 seconds.
  path: Assets/Simple Fantasy GUI/PNG/Loading Bar/Decoration.png
  artifactKey: Guid(bb4c08313ab8d094099ba3912307d052) Importer(815301076,1909f56bfc062723c751e8b465ee728b)
Start importing Assets/Simple Fantasy GUI/PNG/Loading Bar/Decoration.png using Guid(bb4c08313ab8d094099ba3912307d052) Importer(815301076,1909f56bfc062723c751e8b465ee728b)  -> (artifact id: '5eaa10e1edd4ace3d982acbb423c26d3') in 0.082335 seconds
Number of updated asset objects reloaded before import = 0
Number of asset objects unloaded after import = 3
========================================================================
Received Import Request.
  Time since last request: 0.220561 seconds.
  path: Assets/Simple Fantasy GUI/PNG/Character Bar/Health.png
  artifactKey: Guid(2927e1d7d646af8459f2898fc4fce62b) Importer(815301076,1909f56bfc062723c751e8b465ee728b)
Start importing Assets/Simple Fantasy GUI/PNG/Character Bar/Health.png using Guid(2927e1d7d646af8459f2898fc4fce62b) Importer(815301076,1909f56bfc062723c751e8b465ee728b)  -> (artifact id: 'acf9cabf1ec339be567cc5af8ebc4c68') in 0.082393 seconds
Number of updated asset objects reloaded before import = 0
Number of asset objects unloaded after import = 3
========================================================================
Received Import Request.
  Time since last request: 0.561761 seconds.
  path: Assets/Simple Fantasy GUI/PNG/Icons/Helmet_Icon.png
  artifactKey: Guid(f8fceb41b68ef0a4ea35add24f4635e0) Importer(815301076,1909f56bfc062723c751e8b465ee728b)
Start importing Assets/Simple Fantasy GUI/PNG/Icons/Helmet_Icon.png using Guid(f8fceb41b68ef0a4ea35add24f4635e0) Importer(815301076,1909f56bfc062723c751e8b465ee728b)  -> (artifact id: '21b26d865d9f2c0d5bd254f44154eb78') in 0.085618 seconds
Number of updated asset objects reloaded before import = 0
Number of asset objects unloaded after import = 3
========================================================================
Received Import Request.
  Time since last request: 0.014722 seconds.
  path: Assets/Simple Fantasy GUI/PNG/Inventory/Inventory_Box.png
  artifactKey: Guid(6217b7e11307ad64884406331d3ca2ce) Importer(815301076,1909f56bfc062723c751e8b465ee728b)
Start importing Assets/Simple Fantasy GUI/PNG/Inventory/Inventory_Box.png using Guid(6217b7e11307ad64884406331d3ca2ce) Importer(815301076,1909f56bfc062723c751e8b465ee728b)  -> (artifact id: '194623c50190f96d49d35b3ab7807fc6') in 0.081285 seconds
Number of updated asset objects reloaded before import = 0
Number of asset objects unloaded after import = 3
========================================================================
Received Import Request.
  Time since last request: 152.639688 seconds.
  path: Assets/Simple Fantasy GUI/PNG/Inventory/Inventory_Slots.png
  artifactKey: Guid(ea19e8ef39d89f648a757b47c87f2365) Importer(815301076,1909f56bfc062723c751e8b465ee728b)
Start importing Assets/Simple Fantasy GUI/PNG/Inventory/Inventory_Slots.png using Guid(ea19e8ef39d89f648a757b47c87f2365) Importer(815301076,1909f56bfc062723c751e8b465ee728b)  -> (artifact id: '818d7a596bbb4234cce7f123f4eae667') in 0.103883 seconds
Number of updated asset objects reloaded before import = 0
Number of asset objects unloaded after import = 3
========================================================================
Received Import Request.
  Time since last request: 1.125216 seconds.
  path: Assets/Simple Fantasy GUI/PSD/Loading_Bar.psd
  artifactKey: Guid(39667442e7d98e44e8d427024b12deee) Importer(815301076,1909f56bfc062723c751e8b465ee728b)
Start importing Assets/Simple Fantasy GUI/PSD/Loading_Bar.psd using Guid(39667442e7d98e44e8d427024b12deee) Importer(815301076,1909f56bfc062723c751e8b465ee728b)  -> (artifact id: '9b02946011b1d55fbeae164f8e2c3515') in 0.102982 seconds
Number of updated asset objects reloaded before import = 0
Number of asset objects unloaded after import = 3
========================================================================
Received Import Request.
  Time since last request: 0.000103 seconds.
  path: Assets/Simple Fantasy GUI/PSD/Login_Bar.psd
  artifactKey: Guid(b75bc05bb9ed9b04891e759dc5d219e1) Importer(815301076,1909f56bfc062723c751e8b465ee728b)
Start importing Assets/Simple Fantasy GUI/PSD/Login_Bar.psd using Guid(b75bc05bb9ed9b04891e759dc5d219e1) Importer(815301076,1909f56bfc062723c751e8b465ee728b)  -> (artifact id: 'e57cf7d81c248dd1b6c63914a728e428') in 0.084748 seconds
Number of updated asset objects reloaded before import = 0
Number of asset objects unloaded after import = 3
========================================================================
Received Import Request.
  Time since last request: 0.026305 seconds.
  path: Assets/Simple Fantasy GUI/PNG/Login Panel/LoginButton.png
  artifactKey: Guid(a10be1c4d44d5e447bf2917dbeb8f2b8) Importer(815301076,1909f56bfc062723c751e8b465ee728b)
Start importing Assets/Simple Fantasy GUI/PNG/Login Panel/LoginButton.png using Guid(a10be1c4d44d5e447bf2917dbeb8f2b8) Importer(815301076,1909f56bfc062723c751e8b465ee728b)  -> (artifact id: '728d1efb9ea78780299b0d4aa268afc5') in 0.103917 seconds
Number of updated asset objects reloaded before import = 0
Number of asset objects unloaded after import = 3
========================================================================
Received Import Request.
  Time since last request: 0.427999 seconds.
  path: Assets/Simple Fantasy GUI/PNG/Login Panel/LoginButton_Pressed.png
  artifactKey: Guid(b75aa2349cb309240afa0694dffe6027) Importer(815301076,1909f56bfc062723c751e8b465ee728b)
Start importing Assets/Simple Fantasy GUI/PNG/Login Panel/LoginButton_Pressed.png using Guid(b75aa2349cb309240afa0694dffe6027) Importer(815301076,1909f56bfc062723c751e8b465ee728b)  -> (artifact id: '2130551fbb66463afd7a0bb932689720') in 0.084677 seconds
Number of updated asset objects reloaded before import = 0
Number of asset objects unloaded after import = 3
========================================================================
Received Import Request.
  Time since last request: 0.000082 seconds.
  path: Assets/Simple Fantasy GUI/PNG/Login Panel/LoginPassword_Box.png
  artifactKey: Guid(19c4df2c9c38ace4fbf0731a1dbe0527) Importer(815301076,1909f56bfc062723c751e8b465ee728b)
Start importing Assets/Simple Fantasy GUI/PNG/Login Panel/LoginPassword_Box.png using Guid(19c4df2c9c38ace4fbf0731a1dbe0527) Importer(815301076,1909f56bfc062723c751e8b465ee728b)  -> (artifact id: '92948a5afc49319d3d61e954fdc5787d') in 0.109225 seconds
Number of updated asset objects reloaded before import = 0
Number of asset objects unloaded after import = 3
========================================================================
Received Import Request.
  Time since last request: 0.629203 seconds.
  path: Assets/Simple Fantasy GUI/PSD/Menu_Bar.psd
  artifactKey: Guid(b2d37404366e75e438141a075599a322) Importer(815301076,1909f56bfc062723c751e8b465ee728b)
Start importing Assets/Simple Fantasy GUI/PSD/Menu_Bar.psd using Guid(b2d37404366e75e438141a075599a322) Importer(815301076,1909f56bfc062723c751e8b465ee728b)  -> (artifact id: 'cdb745e840c85a5df04b4bbb6e42b5cd') in 0.085593 seconds
Number of updated asset objects reloaded before import = 0
Number of asset objects unloaded after import = 3
========================================================================
Received Import Request.
  Time since last request: 0.000074 seconds.
  path: Assets/Simple Fantasy GUI/PNG/Menu Panel/MenuDemo.png
  artifactKey: Guid(c2aa7972cb52add4ab1b066df73161c6) Importer(815301076,1909f56bfc062723c751e8b465ee728b)
Start importing Assets/Simple Fantasy GUI/PNG/Menu Panel/MenuDemo.png using Guid(c2aa7972cb52add4ab1b066df73161c6) Importer(815301076,1909f56bfc062723c751e8b465ee728b)  -> (artifact id: 'ed0fd287829d71c81ada5d1d7a6e9fe2') in 0.083829 seconds
Number of updated asset objects reloaded before import = 0
Number of asset objects unloaded after import = 3
========================================================================
Received Import Request.
  Time since last request: 0.483229 seconds.
  path: Assets/Simple Fantasy GUI/PNG/Icons/Minus_Icon.png
  artifactKey: Guid(479eafb2543431043a8ee390637ac0f7) Importer(815301076,1909f56bfc062723c751e8b465ee728b)
Start importing Assets/Simple Fantasy GUI/PNG/Icons/Minus_Icon.png using Guid(479eafb2543431043a8ee390637ac0f7) Importer(815301076,1909f56bfc062723c751e8b465ee728b)  -> (artifact id: 'df3e95144333955c73a20dec0c84e2b3') in 0.084955 seconds
Number of updated asset objects reloaded before import = 0
Number of asset objects unloaded after import = 3
========================================================================
Received Import Request.
  Time since last request: 0.000062 seconds.
  path: Assets/Simple Fantasy GUI/PNG/Character Panel/Nickname_Slot.png
  artifactKey: Guid(4e919d44466f0624191cd947ff906d2a) Importer(815301076,1909f56bfc062723c751e8b465ee728b)
Start importing Assets/Simple Fantasy GUI/PNG/Character Panel/Nickname_Slot.png using Guid(4e919d44466f0624191cd947ff906d2a) Importer(815301076,1909f56bfc062723c751e8b465ee728b)  -> (artifact id: '1796cb1b91875a53f1b4fe4bf44e7f7a') in 0.071309 seconds
Number of updated asset objects reloaded before import = 0
Number of asset objects unloaded after import = 3
========================================================================
Received Import Request.
  Time since last request: 0.000089 seconds.
  path: Assets/Simple Fantasy GUI/PNG/Character Bar/Player_Frame.png
  artifactKey: Guid(7788578edcc370145ae5156b7d9370f9) Importer(815301076,1909f56bfc062723c751e8b465ee728b)
Start importing Assets/Simple Fantasy GUI/PNG/Character Bar/Player_Frame.png using Guid(7788578edcc370145ae5156b7d9370f9) Importer(815301076,1909f56bfc062723c751e8b465ee728b)  -> (artifact id: '9c0cc3d2b5e5bf56b6e029c10917a0c5') in 0.088354 seconds
Number of updated asset objects reloaded before import = 0
Number of asset objects unloaded after import = 3
========================================================================
Received Import Request.
  Time since last request: 1.520327 seconds.
  path: Assets/Simple Fantasy GUI/PNG/Quest Panel/Quest_Box.png
  artifactKey: Guid(6d20ba642c3809649a3ffc929fc3bbc1) Importer(815301076,1909f56bfc062723c751e8b465ee728b)
Start importing Assets/Simple Fantasy GUI/PNG/Quest Panel/Quest_Box.png using Guid(6d20ba642c3809649a3ffc929fc3bbc1) Importer(815301076,1909f56bfc062723c751e8b465ee728b)  -> (artifact id: '91e872d256253e48fd2caff3ff695f7d') in 0.091935 seconds
Number of updated asset objects reloaded before import = 0
Number of asset objects unloaded after import = 3
========================================================================
Received Import Request.
  Time since last request: 0.741536 seconds.
  path: Assets/Simple Fantasy GUI/PNG/Quest Panel/QuestDemo.png
  artifactKey: Guid(0c89fb34eb40dac459225c387c909660) Importer(815301076,1909f56bfc062723c751e8b465ee728b)
Start importing Assets/Simple Fantasy GUI/PNG/Quest Panel/QuestDemo.png using Guid(0c89fb34eb40dac459225c387c909660) Importer(815301076,1909f56bfc062723c751e8b465ee728b)  -> (artifact id: '16685bdff4b855afa3d93457b1263102') in 0.090107 seconds
Number of updated asset objects reloaded before import = 0
Number of asset objects unloaded after import = 3
========================================================================
Received Import Request.
  Time since last request: 0.000079 seconds.
  path: Assets/Simple Fantasy GUI/PNG/Quest Panel/Reward_Slot.png
  artifactKey: Guid(92a4fb96206097047a300ebace4278a1) Importer(815301076,1909f56bfc062723c751e8b465ee728b)
Start importing Assets/Simple Fantasy GUI/PNG/Quest Panel/Reward_Slot.png using Guid(92a4fb96206097047a300ebace4278a1) Importer(815301076,1909f56bfc062723c751e8b465ee728b)  -> (artifact id: 'bfab01608b990656c716322b5f0d5e8c') in 0.077424 seconds
Number of updated asset objects reloaded before import = 0
Number of asset objects unloaded after import = 3
